<?xml version="1.0" encoding="UTF-8"?>
<!-- Generated by org.testng.reporters.JUnitReportReporter -->
<testsuite hostname="RamWork" failures="0" tests="2" name="Pack1.CustomerTest" time="0.005" errors="0" timestamp="2025-01-16T16:20:08 GMT" skipped="0">
  <testcase classname="Pack1.CustomerTest" name="createCustomerTest" time="0.002"/>
  <testcase classname="Pack1.CustomerTest" name="ModifyCustomerTest" time="0.003"/>
</testsuite> <!-- Pack1.CustomerTest -->
