<?xml version="1.0" encoding="UTF-8"?>
<!-- Generated by org.testng.reporters.JUnitReportReporter -->
<testsuite hostname="RamWork" failures="0" tests="3" name="Pack3.DependsTest" time="0.004" errors="0" timestamp="2025-01-16T16:20:08 GMT" skipped="0">
  <testcase classname="Pack3.DependsTest" name="Test3" time="0.001"/>
  <testcase classname="Pack3.DependsTest" name="Test1" time="0.001"/>
  <testcase classname="Pack3.DependsTest" name="Test2" time="0.002"/>
</testsuite> <!-- Pack3.DependsTest -->
