<?xml version="1.0" encoding="UTF-8"?>
<!-- Generated by org.testng.reporters.JUnitReportReporter -->
<testsuite hostname="RamWork" failures="0" tests="104" name="Pack2.HandlingTest" time="0.151" errors="0" timestamp="2025-01-16T16:20:08 GMT" skipped="2">
  <testcase classname="Pack2.HandlingTest" name="registration" time="0.001"/>
  <testcase classname="Pack2.HandlingTest" name="registration" time="0.002"/>
  <testcase classname="Pack2.HandlingTest" name="registration" time="0.003"/>
  <testcase classname="Pack2.HandlingTest" name="registration" time="0.003"/>
  <testcase classname="Pack2.HandlingTest" name="registration" time="0.001"/>
  <testcase classname="Pack2.HandlingTest" name="registration" time="0.001"/>
  <testcase classname="Pack2.HandlingTest" name="registration" time="0.001"/>
  <testcase classname="Pack2.HandlingTest" name="registration" time="0.001"/>
  <testcase classname="Pack2.HandlingTest" name="registration" time="0.001"/>
  <testcase classname="Pack2.HandlingTest" name="registration" time="0.001"/>
  <testcase classname="Pack2.HandlingTest" name="registration" time="0.002"/>
  <testcase classname="Pack2.HandlingTest" name="registration" time="0.001"/>
  <testcase classname="Pack2.HandlingTest" name="registration" time="0.002"/>
  <testcase classname="Pack2.HandlingTest" name="registration" time="0.001"/>
  <testcase classname="Pack2.HandlingTest" name="registration" time="0.001"/>
  <testcase classname="Pack2.HandlingTest" name="registration" time="0.002"/>
  <testcase classname="Pack2.HandlingTest" name="registration" time="0.001"/>
  <testcase classname="Pack2.HandlingTest" name="registration" time="0.001"/>
  <testcase classname="Pack2.HandlingTest" name="registration" time="0.001"/>
  <testcase classname="Pack2.HandlingTest" name="registration" time="0.001"/>
  <testcase classname="Pack2.HandlingTest" name="registration" time="0.001"/>
  <testcase classname="Pack2.HandlingTest" name="Test4" time="0.002"/>
  <testcase classname="Pack2.HandlingTest" name="registration" time="0.001"/>
  <testcase classname="Pack2.HandlingTest" name="registration" time="0.001"/>
  <testcase classname="Pack2.HandlingTest" name="registration" time="0.001"/>
  <testcase classname="Pack2.HandlingTest" name="registration" time="0.001"/>
  <testcase classname="Pack2.HandlingTest" name="registration" time="0.003"/>
  <testcase classname="Pack2.HandlingTest" name="registration" time="0.001"/>
  <testcase classname="Pack2.HandlingTest" name="registration" time="0.002"/>
  <testcase classname="Pack2.HandlingTest" name="registration" time="0.002"/>
  <testcase classname="Pack2.HandlingTest" name="registration" time="0.001"/>
  <testcase classname="Pack2.HandlingTest" name="registration" time="0.002"/>
  <testcase classname="Pack2.HandlingTest" name="registration" time="0.000"/>
  <testcase classname="Pack2.HandlingTest" name="registration" time="0.001"/>
  <testcase classname="Pack2.HandlingTest" name="registration" time="0.001"/>
  <testcase classname="Pack2.HandlingTest" name="registration" time="0.004"/>
  <testcase classname="Pack2.HandlingTest" name="registration" time="0.001"/>
  <testcase classname="Pack2.HandlingTest" name="registration" time="0.001"/>
  <testcase classname="Pack2.HandlingTest" name="registration" time="0.001"/>
  <testcase classname="Pack2.HandlingTest" name="registration" time="0.001"/>
  <testcase classname="Pack2.HandlingTest" name="registration" time="0.001"/>
  <testcase classname="Pack2.HandlingTest" name="registration" time="0.002"/>
  <testcase classname="Pack2.HandlingTest" name="registration" time="0.001"/>
  <testcase classname="Pack2.HandlingTest" name="registration" time="0.001"/>
  <testcase classname="Pack2.HandlingTest" name="registration" time="0.002"/>
  <testcase classname="Pack2.HandlingTest" name="registration" time="0.002"/>
  <testcase classname="Pack2.HandlingTest" name="registration" time="0.003"/>
  <testcase classname="Pack2.HandlingTest" name="registration" time="0.001"/>
  <testcase classname="Pack2.HandlingTest" name="registration" time="0.000"/>
  <testcase classname="Pack2.HandlingTest" name="registration" time="0.001"/>
  <testcase classname="Pack2.HandlingTest" name="registration" time="0.002"/>
  <testcase classname="Pack2.HandlingTest" name="registration" time="0.001"/>
  <testcase classname="Pack2.HandlingTest" name="registration" time="0.001"/>
  <testcase classname="Pack2.HandlingTest" name="registration" time="0.002"/>
  <testcase classname="Pack2.HandlingTest" name="registration" time="0.001"/>
  <testcase classname="Pack2.HandlingTest" name="registration" time="0.000"/>
  <testcase classname="Pack2.HandlingTest" name="registration" time="0.001"/>
  <testcase classname="Pack2.HandlingTest" name="registration" time="0.002"/>
  <testcase classname="Pack2.HandlingTest" name="registration" time="0.001"/>
  <testcase classname="Pack2.HandlingTest" name="registration" time="0.001"/>
  <testcase classname="Pack2.HandlingTest" name="registration" time="0.001"/>
  <testcase classname="Pack2.HandlingTest" name="registration" time="0.001"/>
  <testcase classname="Pack2.HandlingTest" name="registration" time="0.001"/>
  <testcase classname="Pack2.HandlingTest" name="registration" time="0.001"/>
  <testcase classname="Pack2.HandlingTest" name="registration" time="0.000"/>
  <testcase classname="Pack2.HandlingTest" name="registration" time="0.001"/>
  <testcase classname="Pack2.HandlingTest" name="registration" time="0.002"/>
  <testcase classname="Pack2.HandlingTest" name="registration" time="0.004"/>
  <testcase classname="Pack2.HandlingTest" name="registration" time="0.001"/>
  <testcase classname="Pack2.HandlingTest" name="registration" time="0.002"/>
  <testcase classname="Pack2.HandlingTest" name="registration" time="0.002"/>
  <testcase classname="Pack2.HandlingTest" name="registration" time="0.002"/>
  <testcase classname="Pack2.HandlingTest" name="registration" time="0.001"/>
  <testcase classname="Pack2.HandlingTest" name="registration" time="0.002"/>
  <testcase classname="Pack2.HandlingTest" name="registration" time="0.001"/>
  <testcase classname="Pack2.HandlingTest" name="registration" time="0.002"/>
  <testcase classname="Pack2.HandlingTest" name="registration" time="0.001"/>
  <testcase classname="Pack2.HandlingTest" name="registration" time="0.002"/>
  <testcase classname="Pack2.HandlingTest" name="registration" time="0.001"/>
  <testcase classname="Pack2.HandlingTest" name="registration" time="0.003"/>
  <testcase classname="Pack2.HandlingTest" name="registration" time="0.001"/>
  <testcase classname="Pack2.HandlingTest" name="registration" time="0.001"/>
  <testcase classname="Pack2.HandlingTest" name="registration" time="0.001"/>
  <testcase classname="Pack2.HandlingTest" name="registration" time="0.001"/>
  <testcase classname="Pack2.HandlingTest" name="registration" time="0.001"/>
  <testcase classname="Pack2.HandlingTest" name="registration" time="0.002"/>
  <testcase classname="Pack2.HandlingTest" name="registration" time="0.002"/>
  <testcase classname="Pack2.HandlingTest" name="registration" time="0.001"/>
  <testcase classname="Pack2.HandlingTest" name="registration" time="0.001"/>
  <testcase classname="Pack2.HandlingTest" name="registration" time="0.000"/>
  <testcase classname="Pack2.HandlingTest" name="registration" time="0.001"/>
  <testcase classname="Pack2.HandlingTest" name="registration" time="0.001"/>
  <testcase classname="Pack2.HandlingTest" name="registration" time="0.002"/>
  <testcase classname="Pack2.HandlingTest" name="registration" time="0.001"/>
  <testcase classname="Pack2.HandlingTest" name="Test2" time="0.012"/>
  <testcase classname="Pack2.HandlingTest" name="registration" time="0.002"/>
  <testcase classname="Pack2.HandlingTest" name="registration" time="0.001"/>
  <testcase classname="Pack2.HandlingTest" name="registration" time="0.002"/>
  <testcase classname="Pack2.HandlingTest" name="registration" time="0.001"/>
  <testcase classname="Pack2.HandlingTest" name="registration" time="0.002"/>
  <testcase classname="Pack2.HandlingTest" name="registration" time="0.001"/>
  <testcase classname="Pack2.HandlingTest" name="registration" time="0.001"/>
  <testcase classname="Pack2.HandlingTest" name="Test1">
    <skipped/>
  </testcase> <!-- Test1 -->
  <testcase classname="Pack2.HandlingTest" name="Test3">
    <skipped/>
  </testcase> <!-- Test3 -->
</testsuite> <!-- Pack2.HandlingTest -->
