<?xml version="1.0" encoding="UTF-8"?>
<!-- Generated by org.testng.reporters.JUnitReportReporter -->
<testsuite hostname="RamWork" failures="0" tests="4" name="Pack3.OrderTest" time="0.005" errors="0" timestamp="2025-01-16T16:20:08 GMT" skipped="0">
  <testcase classname="Pack3.OrderTest" name="B" time="0.002"/>
  <testcase classname="Pack3.OrderTest" name="A" time="0.001"/>
  <testcase classname="Pack3.OrderTest" name="D" time="0.001"/>
  <testcase classname="Pack3.OrderTest" name="C" time="0.001"/>
</testsuite> <!-- Pack3.OrderTest -->
