<?xml version="1.0" encoding="UTF-8"?>
<!-- Generated by org.testng.reporters.JUnitReportReporter -->
<testsuite hostname="RamWork" failures="0" tests="2" name="Pack1.CustomerTest" time="0.019" errors="0" timestamp="2025-02-13T16:36:06 GMT" skipped="0">
  <testcase classname="Pack1.CustomerTest" name="createCustomerTest" time="0.004"/>
  <testcase classname="Pack1.CustomerTest" name="ModifyCustomerTest" time="0.015"/>
</testsuite> <!-- Pack1.CustomerTest -->
